2024-02-05 11:19:47 0 [Note] Starting MariaDB 10.11.6-MariaDB source revision fecd78b83785d5ae96f2c6ff340375be803cd299 as process 75
2024-02-05 11:19:47 0 [Note] InnoDB: The first data file './ibdata1' did not exist. A new tablespace will be created!
2024-02-05 11:19:47 0 [Note] InnoDB: Compressed tables use zlib 1.2.13
2024-02-05 11:19:47 0 [Note] InnoDB: Number of transaction pools: 1
2024-02-05 11:19:47 0 [Note] InnoDB: Using crc32 + pclmulqdq instructions
2024-02-05 11:19:47 0 [Note] mariadbd: O_TMPFILE is not supported on /var/tmp (disabling future attempts)
2024-02-05 11:19:47 0 [Note] InnoDB: Using Linux native AIO
2024-02-05 11:19:47 0 [Note] InnoDB: Initializing buffer pool, total size = 128.000MiB, chunk size = 2.000MiB
2024-02-05 11:19:47 0 [Note] InnoDB: Completed initialization of buffer pool
2024-02-05 11:19:47 0 [Note] InnoDB: Setting file './ibdata1' size to 12.000MiB. Physically writing the file full; Please wait ...
2024-02-05 11:19:47 0 [Note] InnoDB: File './ibdata1' size is now 12.000MiB.
2024-02-05 11:19:47 0 [Note] InnoDB: Buffered log writes (block size=512 bytes)
2024-02-05 11:19:47 0 [Note] InnoDB: Doublewrite buffer not found: creating new
2024-02-05 11:19:47 0 [Note] InnoDB: 128 rollback segments are active.
2024-02-05 11:19:47 0 [Note] InnoDB: Setting file './ibtmp1' size to 12.000MiB. Physically writing the file full; Please wait ...
2024-02-05 11:19:47 0 [Note] InnoDB: File './ibtmp1' size is now 12.000MiB.
2024-02-05 11:19:47 0 [Note] InnoDB: log sequence number 0; transaction id 3
2024-02-05 11:19:47 0 [Note] Plugin 'FEEDBACK' is disabled.
2024-02-05 11:19:47 0 [ERROR] Could not open mysql.plugin table: "Table 'mysql.plugin' doesn't exist". Some plugins may be not loaded
2024-02-05 11:19:47 0 [ERROR] Can't open and lock privilege tables: Table 'mysql.servers' doesn't exist
2024-02-05 11:19:47 0 [ERROR] Fatal error: Can't open and lock privilege tables: Table 'mysql.db' doesn't exist
2024-02-05 11:19:47 0 [ERROR] Aborting
2024-02-05 11:19:49 0 [Note] Starting MariaDB 10.11.6-MariaDB source revision fecd78b83785d5ae96f2c6ff340375be803cd299 as process 72
2024-02-05 11:19:50 0 [Note] InnoDB: Compressed tables use zlib 1.2.13
2024-02-05 11:19:50 0 [Note] InnoDB: Number of transaction pools: 1
2024-02-05 11:19:50 0 [Note] InnoDB: Using crc32 + pclmulqdq instructions
2024-02-05 11:19:50 0 [Note] mariadbd: O_TMPFILE is not supported on /var/tmp (disabling future attempts)
2024-02-05 11:19:50 0 [Note] InnoDB: Using Linux native AIO
2024-02-05 11:19:50 0 [Note] InnoDB: Initializing buffer pool, total size = 128.000MiB, chunk size = 2.000MiB
2024-02-05 11:19:50 0 [Note] InnoDB: Completed initialization of buffer pool
2024-02-05 11:19:50 0 [Note] InnoDB: Buffered log writes (block size=512 bytes)
2024-02-05 11:19:50 0 [Note] InnoDB: End of log at LSN=36897
2024-02-05 11:19:50 0 [Note] InnoDB: 128 rollback segments are active.
2024-02-05 11:19:50 0 [Note] InnoDB: Setting file './ibtmp1' size to 12.000MiB. Physically writing the file full; Please wait ...
2024-02-05 11:19:50 0 [Note] InnoDB: File './ibtmp1' size is now 12.000MiB.
2024-02-05 11:19:50 0 [Note] InnoDB: log sequence number 36897; transaction id 4
2024-02-05 11:19:50 0 [Note] Plugin 'FEEDBACK' is disabled.
2024-02-05 11:19:50 0 [Note] InnoDB: Loading buffer pool(s) from /var/lib/mysql/ib_buffer_pool
2024-02-05 11:19:50 0 [ERROR] Could not open mysql.plugin table: "Table 'mysql.plugin' doesn't exist". Some plugins may be not loaded
2024-02-05 11:19:51 0 [ERROR] Can't open and lock privilege tables: Table 'mysql.servers' doesn't exist
2024-02-05 11:19:51 0 [Note] InnoDB: Buffer pool(s) load completed at 240205 11:19:51
2024-02-05 11:19:51 0 [ERROR] Fatal error: Can't open and lock privilege tables: Table 'mysql.db' doesn't exist
2024-02-05 11:19:51 0 [ERROR] Aborting
2024-02-05 11:19:52 0 [Note] Starting MariaDB 10.11.6-MariaDB source revision fecd78b83785d5ae96f2c6ff340375be803cd299 as process 71
2024-02-05 11:19:52 0 [Note] InnoDB: Compressed tables use zlib 1.2.13
2024-02-05 11:19:52 0 [Note] InnoDB: Number of transaction pools: 1
2024-02-05 11:19:52 0 [Note] InnoDB: Using crc32 + pclmulqdq instructions
2024-02-05 11:19:52 0 [Note] mariadbd: O_TMPFILE is not supported on /var/tmp (disabling future attempts)
2024-02-05 11:19:52 0 [Note] InnoDB: Using Linux native AIO
2024-02-05 11:19:52 0 [Note] InnoDB: Initializing buffer pool, total size = 128.000MiB, chunk size = 2.000MiB
2024-02-05 11:19:52 0 [Note] InnoDB: Completed initialization of buffer pool
2024-02-05 11:19:52 0 [Note] InnoDB: Buffered log writes (block size=512 bytes)
2024-02-05 11:19:53 0 [Note] InnoDB: End of log at LSN=36897
2024-02-05 11:19:53 0 [Note] InnoDB: 128 rollback segments are active.
2024-02-05 11:19:53 0 [Note] InnoDB: Setting file './ibtmp1' size to 12.000MiB. Physically writing the file full; Please wait ...
2024-02-05 11:19:53 0 [Note] InnoDB: File './ibtmp1' size is now 12.000MiB.
2024-02-05 11:19:53 0 [Note] InnoDB: log sequence number 36897; transaction id 4
2024-02-05 11:19:53 0 [Note] Plugin 'FEEDBACK' is disabled.
2024-02-05 11:19:53 0 [Note] InnoDB: Loading buffer pool(s) from /var/lib/mysql/ib_buffer_pool
2024-02-05 11:19:53 0 [ERROR] Could not open mysql.plugin table: "Table 'mysql.plugin' doesn't exist". Some plugins may be not loaded
2024-02-05 11:19:53 0 [ERROR] Can't open and lock privilege tables: Table 'mysql.servers' doesn't exist
2024-02-05 11:19:53 0 [Note] InnoDB: Buffer pool(s) load completed at 240205 11:19:53
2024-02-05 11:19:53 0 [ERROR] Fatal error: Can't open and lock privilege tables: Table 'mysql.db' doesn't exist
2024-02-05 11:19:53 0 [ERROR] Aborting
2024-02-05 11:19:54 0 [Note] Starting MariaDB 10.11.6-MariaDB source revision fecd78b83785d5ae96f2c6ff340375be803cd299 as process 72
2024-02-05 11:19:55 0 [Note] InnoDB: Compressed tables use zlib 1.2.13
2024-02-05 11:19:55 0 [Note] InnoDB: Number of transaction pools: 1
2024-02-05 11:19:55 0 [Note] InnoDB: Using crc32 + pclmulqdq instructions
2024-02-05 11:19:55 0 [Note] mariadbd: O_TMPFILE is not supported on /var/tmp (disabling future attempts)
2024-02-05 11:19:55 0 [Note] InnoDB: Using Linux native AIO
2024-02-05 11:19:55 0 [Note] InnoDB: Initializing buffer pool, total size = 128.000MiB, chunk size = 2.000MiB
2024-02-05 11:19:55 0 [Note] InnoDB: Completed initialization of buffer pool
2024-02-05 11:19:55 0 [Note] InnoDB: Buffered log writes (block size=512 bytes)
2024-02-05 11:19:55 0 [Note] InnoDB: End of log at LSN=36897
2024-02-05 11:19:55 0 [Note] InnoDB: 128 rollback segments are active.
2024-02-05 11:19:55 0 [Note] InnoDB: Setting file './ibtmp1' size to 12.000MiB. Physically writing the file full; Please wait ...
2024-02-05 11:19:55 0 [Note] InnoDB: File './ibtmp1' size is now 12.000MiB.
2024-02-05 11:19:55 0 [Note] InnoDB: log sequence number 36897; transaction id 4
2024-02-05 11:19:55 0 [Note] Plugin 'FEEDBACK' is disabled.
2024-02-05 11:19:55 0 [Note] InnoDB: Loading buffer pool(s) from /var/lib/mysql/ib_buffer_pool
2024-02-05 11:19:55 0 [ERROR] Could not open mysql.plugin table: "Table 'mysql.plugin' doesn't exist". Some plugins may be not loaded
2024-02-05 11:19:55 0 [ERROR] Can't open and lock privilege tables: Table 'mysql.servers' doesn't exist
2024-02-05 11:19:55 0 [Note] InnoDB: Buffer pool(s) load completed at 240205 11:19:55
2024-02-05 11:19:55 0 [ERROR] Fatal error: Can't open and lock privilege tables: Table 'mysql.db' doesn't exist
2024-02-05 11:19:55 0 [ERROR] Aborting
2024-02-05 11:19:57 0 [Note] Starting MariaDB 10.11.6-MariaDB source revision fecd78b83785d5ae96f2c6ff340375be803cd299 as process 72
2024-02-05 11:19:58 0 [Note] InnoDB: Compressed tables use zlib 1.2.13
2024-02-05 11:19:58 0 [Note] InnoDB: Number of transaction pools: 1
2024-02-05 11:19:58 0 [Note] InnoDB: Using crc32 + pclmulqdq instructions
2024-02-05 11:19:58 0 [Note] mariadbd: O_TMPFILE is not supported on /var/tmp (disabling future attempts)
2024-02-05 11:19:58 0 [Note] InnoDB: Using Linux native AIO
2024-02-05 11:19:58 0 [Note] InnoDB: Initializing buffer pool, total size = 128.000MiB, chunk size = 2.000MiB
2024-02-05 11:19:58 0 [Note] InnoDB: Completed initialization of buffer pool
2024-02-05 11:19:58 0 [Note] InnoDB: Buffered log writes (block size=512 bytes)
2024-02-05 11:19:58 0 [Note] InnoDB: End of log at LSN=36897
2024-02-05 11:19:59 0 [Note] InnoDB: 128 rollback segments are active.
2024-02-05 11:19:59 0 [Note] InnoDB: Setting file './ibtmp1' size to 12.000MiB. Physically writing the file full; Please wait ...
2024-02-05 11:19:59 0 [Note] InnoDB: File './ibtmp1' size is now 12.000MiB.
2024-02-05 11:19:59 0 [Note] InnoDB: log sequence number 36897; transaction id 4
2024-02-05 11:19:59 0 [Note] Plugin 'FEEDBACK' is disabled.
2024-02-05 11:19:59 0 [Note] InnoDB: Loading buffer pool(s) from /var/lib/mysql/ib_buffer_pool
2024-02-05 11:19:59 0 [ERROR] Could not open mysql.plugin table: "Table 'mysql.plugin' doesn't exist". Some plugins may be not loaded
2024-02-05 11:19:59 0 [ERROR] Can't open and lock privilege tables: Table 'mysql.servers' doesn't exist
2024-02-05 11:19:59 0 [Note] InnoDB: Buffer pool(s) load completed at 240205 11:19:59
2024-02-05 11:19:59 0 [ERROR] Fatal error: Can't open and lock privilege tables: Table 'mysql.db' doesn't exist
2024-02-05 11:19:59 0 [ERROR] Aborting
2024-02-05 11:20:01 0 [Note] Starting MariaDB 10.11.6-MariaDB source revision fecd78b83785d5ae96f2c6ff340375be803cd299 as process 72
2024-02-05 11:20:01 0 [Note] InnoDB: Compressed tables use zlib 1.2.13
2024-02-05 11:20:01 0 [Note] InnoDB: Number of transaction pools: 1
2024-02-05 11:20:01 0 [Note] InnoDB: Using crc32 + pclmulqdq instructions
2024-02-05 11:20:01 0 [Note] mariadbd: O_TMPFILE is not supported on /var/tmp (disabling future attempts)
2024-02-05 11:20:01 0 [Note] InnoDB: Using Linux native AIO
2024-02-05 11:20:01 0 [Note] InnoDB: Initializing buffer pool, total size = 128.000MiB, chunk size = 2.000MiB
2024-02-05 11:20:01 0 [Note] InnoDB: Completed initialization of buffer pool
2024-02-05 11:20:01 0 [Note] InnoDB: Buffered log writes (block size=512 bytes)
2024-02-05 11:20:02 0 [Note] InnoDB: End of log at LSN=36897
2024-02-05 11:20:02 0 [Note] InnoDB: 128 rollback segments are active.
2024-02-05 11:20:02 0 [Note] InnoDB: Setting file './ibtmp1' size to 12.000MiB. Physically writing the file full; Please wait ...
2024-02-05 11:20:02 0 [Note] InnoDB: File './ibtmp1' size is now 12.000MiB.
2024-02-05 11:20:02 0 [Note] InnoDB: log sequence number 36897; transaction id 4
2024-02-05 11:20:02 0 [Note] Plugin 'FEEDBACK' is disabled.
2024-02-05 11:20:02 0 [Note] InnoDB: Loading buffer pool(s) from /var/lib/mysql/ib_buffer_pool
2024-02-05 11:20:02 0 [ERROR] Could not open mysql.plugin table: "Table 'mysql.plugin' doesn't exist". Some plugins may be not loaded
2024-02-05 11:20:02 0 [ERROR] Can't open and lock privilege tables: Table 'mysql.servers' doesn't exist
2024-02-05 11:20:02 0 [Note] InnoDB: Buffer pool(s) load completed at 240205 11:20:02
2024-02-05 11:20:02 0 [ERROR] Fatal error: Can't open and lock privilege tables: Table 'mysql.db' doesn't exist
2024-02-05 11:20:02 0 [ERROR] Aborting
2024-02-05 11:20:06 0 [Note] Starting MariaDB 10.11.6-MariaDB source revision fecd78b83785d5ae96f2c6ff340375be803cd299 as process 72
2024-02-05 11:20:06 0 [Note] InnoDB: Compressed tables use zlib 1.2.13
2024-02-05 11:20:06 0 [Note] InnoDB: Number of transaction pools: 1
2024-02-05 11:20:06 0 [Note] InnoDB: Using crc32 + pclmulqdq instructions
2024-02-05 11:20:06 0 [Note] mariadbd: O_TMPFILE is not supported on /var/tmp (disabling future attempts)
2024-02-05 11:20:06 0 [Note] InnoDB: Using Linux native AIO
2024-02-05 11:20:06 0 [Note] InnoDB: Initializing buffer pool, total size = 128.000MiB, chunk size = 2.000MiB
2024-02-05 11:20:06 0 [Note] InnoDB: Completed initialization of buffer pool
2024-02-05 11:20:07 0 [Note] InnoDB: Buffered log writes (block size=512 bytes)
2024-02-05 11:20:07 0 [Note] InnoDB: End of log at LSN=36897
2024-02-05 11:20:07 0 [Note] InnoDB: 128 rollback segments are active.
2024-02-05 11:20:07 0 [Note] InnoDB: Setting file './ibtmp1' size to 12.000MiB. Physically writing the file full; Please wait ...
2024-02-05 11:20:07 0 [Note] InnoDB: File './ibtmp1' size is now 12.000MiB.
2024-02-05 11:20:07 0 [Note] InnoDB: log sequence number 36897; transaction id 4
2024-02-05 11:20:07 0 [Note] Plugin 'FEEDBACK' is disabled.
2024-02-05 11:20:07 0 [Note] InnoDB: Loading buffer pool(s) from /var/lib/mysql/ib_buffer_pool
2024-02-05 11:20:07 0 [ERROR] Could not open mysql.plugin table: "Table 'mysql.plugin' doesn't exist". Some plugins may be not loaded
2024-02-05 11:20:07 0 [ERROR] Can't open and lock privilege tables: Table 'mysql.servers' doesn't exist
2024-02-05 11:20:07 0 [Note] InnoDB: Buffer pool(s) load completed at 240205 11:20:07
2024-02-05 11:20:07 0 [ERROR] Fatal error: Can't open and lock privilege tables: Table 'mysql.db' doesn't exist
2024-02-05 11:20:07 0 [ERROR] Aborting
