2024-02-05 14:44:23 0 [Note] Starting MariaDB 10.11.6-MariaDB source revision fecd78b83785d5ae96f2c6ff340375be803cd299 as process 75
2024-02-05 14:44:24 0 [Note] mariadbd: Aria engine: starting recovery
recovered pages: 0% 28% 39% 70% 81% 93% 100% (0.1 seconds); tables to flush: 2 1 0
 (0.0 seconds); 
2024-02-05 14:44:24 0 [Note] mariadbd: Aria engine: recovery done
2024-02-05 14:44:24 0 [Note] InnoDB: Compressed tables use zlib 1.2.13
2024-02-05 14:44:24 0 [Note] InnoDB: Number of transaction pools: 1
2024-02-05 14:44:24 0 [Note] InnoDB: Using crc32 + pclmulqdq instructions
2024-02-05 14:44:24 0 [Note] mariadbd: O_TMPFILE is not supported on /var/tmp (disabling future attempts)
2024-02-05 14:44:24 0 [Note] InnoDB: Using Linux native AIO
2024-02-05 14:44:24 0 [Note] InnoDB: Initializing buffer pool, total size = 128.000MiB, chunk size = 2.000MiB
2024-02-05 14:44:24 0 [Note] InnoDB: Completed initialization of buffer pool
2024-02-05 14:44:24 0 [Note] InnoDB: Buffered log writes (block size=512 bytes)
2024-02-05 14:44:25 0 [Note] InnoDB: End of log at LSN=46846
2024-02-05 14:44:27 0 [Note] InnoDB: 128 rollback segments are active.
2024-02-05 14:44:27 0 [Note] InnoDB: Removed temporary tablespace data file: "./ibtmp1"
2024-02-05 14:44:27 0 [Note] InnoDB: Setting file './ibtmp1' size to 12.000MiB. Physically writing the file full; Please wait ...
2024-02-05 14:44:27 0 [Note] InnoDB: File './ibtmp1' size is now 12.000MiB.
2024-02-05 14:44:27 0 [Note] InnoDB: log sequence number 46846; transaction id 15
2024-02-05 14:44:27 0 [Note] InnoDB: Loading buffer pool(s) from /var/lib/mysql/ib_buffer_pool
2024-02-05 14:44:27 0 [Note] Plugin 'FEEDBACK' is disabled.
2024-02-05 14:44:27 0 [Note] InnoDB: Buffer pool(s) load completed at 240205 14:44:27
2024-02-05 14:44:28 0 [Note] /usr/bin/mariadbd: ready for connections.
Version: '10.11.6-MariaDB'  socket: '/run/mysqld/mysqld.sock'  port: 0  Alpine Linux
